<?xml version="1.0" encoding="UTF-8"?>
<!-- Generated by org.testng.reporters.JUnitReportReporter -->
<testsuite hostname="LAPTOP-5LANQH14" failures="0" tests="1" name="simple1.todo2" time="20.423" errors="0" timestamp="2024-07-17T19:26:25 IST" skipped="0">
  <testcase classname="simple1.todo2" name="basicTest" time="20.423"/>
</testsuite> <!-- simple1.todo2 -->
