<?xml version="1.0" encoding="UTF-8"?>
<!-- Generated by org.testng.reporters.JUnitReportReporter -->
<testsuite hostname="LAPTOP-5LANQH14" failures="0" tests="1" name="simple2.todo3" time="8.619" errors="0" timestamp="2024-07-23T11:05:13 IST" skipped="0">
  <testcase classname="simple2.todo3" name="basicTest" time="8.619"/>
</testsuite> <!-- simple2.todo3 -->
