<?xml version="1.0" encoding="UTF-8"?>
<!-- Generated by org.testng.reporters.JUnitReportReporter -->
<testsuite hostname="LAPTOP-5LANQH14" failures="0" tests="1" name="simple1.TestNGwithWebDriver" time="25.829" errors="0" timestamp="2023-09-15T22:47:37 IST" skipped="0">
  <testcase classname="simple1.TestNGwithWebDriver" name="test" time="25.829"/>
</testsuite> <!-- simple1.TestNGwithWebDriver -->
